[INFO] 01-07-2026 22:29:13 [main] [LogUtils] - ================ BEFORE ALL ================
[INFO] 01-07-2026 22:29:13 [main] [LogUtils] - Loaded all properties files.
[INFO] 01-07-2026 22:29:13 [main] [LogUtils] - {TARGET=local, extent.reporter.spark.prefix.device=@device_, DELETE_TEMP_FOLDER=no, TELEGRAM_CHATID=, OVERRIDE_REPORTS=yes, screenshot.rel.path=/exports/reports/CucumberExtentReports/images/, SEND_REPORT_TO_TELEGRAM=no, SEND_EMAIL_TO_USERS=no, ZIP_FOLDER_NAME=CucumberExtentReports.zip, WAIT_DEFAULT=5, REMOTE_PORT=4444, screenshot.dir=exports/reports/CucumberExtentReports/images/, TELEGRAM_TOKEN=, extent.reporter.spark.prefix.author=@author_, extent.reporter.spark.enable.device=true, EXTENT_REPORT_PDF=PdfReport.pdf, VIDEO_RECORD=no, PASSWORD=T+wyT5u9cOelDJbBWNgxLw, SCREENSHOT_ALL_STEPS=no, EXTENT_REPORT_NAME=ExtentReport, extent.reporter.spark.start=true, EXPORT_VIDEO_PATH=exports/ExportData/Videos, EXPORT_CAPTURE_PATH=exports/ExportData/Images, WAIT_PAGE_LOADED=40, SCREENSHOT_PASSED_STEPS=no, EXTENT_REPORT_FOLDER=exports/reports/CucumberExtentReports, WAIT_EXPLICIT=10, BROWSER=chrome, REPORT_TITLE=Report | Automation Framework Cucumber TestNG | Anh Tester, AUTHOR=Anh Tester, EXCEL_DATA_FILE_PATH=src/test/resources/testdata/ClientsDataExcel.xlsx, WAIT_IMPLICIT=20, PROJECT_NAME=Automation Framework Cucumber TestNG | Anh Tester, extent.reporter.spark.out=exports/reports/CucumberExtentReports/CucumberExtentReports.html, extent.reporter.pdf.start=false, extent.reporter.excel.out=exports/reports/ExcelReport/ExtentExcel.xlsx, HEADLESS=true, REMOTE_URL=localhost, extent.reporter.spark.vieworder=dashboard,test,category,author,device,log,exception, extent.reporter.pdf.out=exports/reports/CucumberExtentReports/CucumberExtentPdfReport.pdf, SCREENSHOT_FAILED_STEPS=yes, SCREENSHOT_ALL_STEPS_DETAIL=no, TXT_FILE_PATH=src/test/resources/testdata/TxtFileData.txt, extent.reporter.excel.start=false, extent.reporter.spark.enable.author=true, JSON_DATA_FILE_PATH=src/test/resources/testdata/JsonData.json, ACTIVE_PAGE_LOADED=true, URL_CRM=https://rise.anhtester.com/signin, WAIT_SLEEP_STEP=0, OPEN_REPORTS_AFTER_EXECUTION=no, ZIP_FOLDER_PATH=exports/reports/CucumberExtentReports, extent.reporter.spark.base64imagesrc=true, LOCATE=en, ZIP_FOLDER=no}
[INFO] 01-07-2026 22:29:13 [main] [LogUtils] - Loaded all properties files.
[INFO] 01-07-2026 22:29:13 [main] [LogUtils] - {TARGET=local, extent.reporter.spark.prefix.device=@device_, DELETE_TEMP_FOLDER=no, TELEGRAM_CHATID=, OVERRIDE_REPORTS=yes, screenshot.rel.path=/exports/reports/CucumberExtentReports/images/, SEND_REPORT_TO_TELEGRAM=no, SEND_EMAIL_TO_USERS=no, ZIP_FOLDER_NAME=CucumberExtentReports.zip, WAIT_DEFAULT=5, REMOTE_PORT=4444, screenshot.dir=exports/reports/CucumberExtentReports/images/, TELEGRAM_TOKEN=, extent.reporter.spark.prefix.author=@author_, extent.reporter.spark.enable.device=true, EXTENT_REPORT_PDF=PdfReport.pdf, VIDEO_RECORD=no, PASSWORD=T+wyT5u9cOelDJbBWNgxLw, SCREENSHOT_ALL_STEPS=no, EXTENT_REPORT_NAME=ExtentReport, extent.reporter.spark.start=true, EXPORT_VIDEO_PATH=exports/ExportData/Videos, EXPORT_CAPTURE_PATH=exports/ExportData/Images, WAIT_PAGE_LOADED=40, SCREENSHOT_PASSED_STEPS=no, EXTENT_REPORT_FOLDER=exports/reports/CucumberExtentReports, WAIT_EXPLICIT=10, BROWSER=chrome, REPORT_TITLE=Report | Automation Framework Cucumber TestNG | Anh Tester, AUTHOR=Anh Tester, EXCEL_DATA_FILE_PATH=src/test/resources/testdata/ClientsDataExcel.xlsx, WAIT_IMPLICIT=20, PROJECT_NAME=Automation Framework Cucumber TestNG | Anh Tester, extent.reporter.spark.out=exports/reports/CucumberExtentReports/CucumberExtentReports.html, extent.reporter.pdf.start=false, extent.reporter.excel.out=exports/reports/ExcelReport/ExtentExcel.xlsx, HEADLESS=true, REMOTE_URL=localhost, extent.reporter.spark.vieworder=dashboard,test,category,author,device,log,exception, extent.reporter.pdf.out=exports/reports/CucumberExtentReports/CucumberExtentPdfReport.pdf, SCREENSHOT_FAILED_STEPS=yes, SCREENSHOT_ALL_STEPS_DETAIL=no, TXT_FILE_PATH=src/test/resources/testdata/TxtFileData.txt, extent.reporter.excel.start=false, extent.reporter.spark.enable.author=true, JSON_DATA_FILE_PATH=src/test/resources/testdata/JsonData.json, ACTIVE_PAGE_LOADED=true, URL_CRM=https://rise.anhtester.com/signin, WAIT_SLEEP_STEP=0, OPEN_REPORTS_AFTER_EXECUTION=no, ZIP_FOLDER_PATH=exports/reports/CucumberExtentReports, extent.reporter.spark.base64imagesrc=true, LOCATE=en, ZIP_FOLDER=no}
[INFO] 01-07-2026 22:29:16 [main] [LogUtils] - Running Scenario Name: Login success
[INFO] 01-07-2026 22:29:20 [main] [LogUtils] - Open website with URL: https://cms.anhtester.com/login
[INFO] 01-07-2026 22:29:20 [main] [LogUtils] - Set text admin@example.com on By.xpath: //input[@id='email']
[INFO] 01-07-2026 22:29:20 [main] [LogUtils] - Set text 123456 on By.xpath: //input[@id='password']
[INFO] 01-07-2026 22:29:20 [main] [LogUtils] - Clicked on the element By.xpath: //button[normalize-space()='Login']
[INFO] 01-07-2026 22:29:28 [main] [LogUtils] - Get Current URL: https://cms.anhtester.com/admin
[INFO] 01-07-2026 22:29:28 [main] [LogUtils] - Verify Contains: https://cms.anhtester.com/admin CONTAINS /admin
[INFO] 01-07-2026 22:29:28 [main] [LogUtils] - Verify element present By.xpath: //span[normalize-space()='Products']
[INFO] 01-07-2026 22:29:29 [main] [LogUtils] - ================ AFTER ALL ================
[INFO] 01-07-2026 22:29:29 [main] [LogUtils] - Zipped /Users/abhishekgupta/Downloads/AutomationFrameworkCucumberTestNG/target/allure-results successfully !!
[INFO] 01-07-2026 22:29:31 [main] [LogUtils] - count_totalTCs: 1
[INFO] 01-07-2026 22:29:31 [main] [LogUtils] - count_passedTCs: 1
[INFO] 01-07-2026 22:29:31 [main] [LogUtils] - count_failedTCs: 0
[INFO] 01-07-2026 22:29:31 [main] [LogUtils] - count_skippedTCs: 0
[INFO] 01-07-2026 22:29:31 [main] [LogUtils] - ********* RUN STARTED *********
[INFO] 01-07-2026 22:29:31 [main] [LogUtils] - ********* RUN FINISHED *********
[INFO] 01-07-2026 22:31:04 [main] [LogUtils] - ================ BEFORE ALL ================
[INFO] 01-07-2026 22:31:04 [main] [LogUtils] - Loaded all properties files.
[INFO] 01-07-2026 22:31:04 [main] [LogUtils] - {TARGET=local, extent.reporter.spark.prefix.device=@device_, DELETE_TEMP_FOLDER=no, TELEGRAM_CHATID=, OVERRIDE_REPORTS=yes, screenshot.rel.path=/exports/reports/CucumberExtentReports/images/, SEND_REPORT_TO_TELEGRAM=no, SEND_EMAIL_TO_USERS=no, ZIP_FOLDER_NAME=CucumberExtentReports.zip, WAIT_DEFAULT=5, REMOTE_PORT=4444, screenshot.dir=exports/reports/CucumberExtentReports/images/, TELEGRAM_TOKEN=, extent.reporter.spark.prefix.author=@author_, extent.reporter.spark.enable.device=true, EXTENT_REPORT_PDF=PdfReport.pdf, VIDEO_RECORD=no, PASSWORD=T+wyT5u9cOelDJbBWNgxLw, SCREENSHOT_ALL_STEPS=no, EXTENT_REPORT_NAME=ExtentReport, extent.reporter.spark.start=true, EXPORT_VIDEO_PATH=exports/ExportData/Videos, EXPORT_CAPTURE_PATH=exports/ExportData/Images, WAIT_PAGE_LOADED=40, SCREENSHOT_PASSED_STEPS=no, EXTENT_REPORT_FOLDER=exports/reports/CucumberExtentReports, WAIT_EXPLICIT=10, BROWSER=chrome, REPORT_TITLE=Report | Automation Framework Cucumber TestNG | Anh Tester, AUTHOR=Anh Tester, EXCEL_DATA_FILE_PATH=src/test/resources/testdata/ClientsDataExcel.xlsx, WAIT_IMPLICIT=20, PROJECT_NAME=Automation Framework Cucumber TestNG | Anh Tester, extent.reporter.spark.out=exports/reports/CucumberExtentReports/CucumberExtentReports.html, extent.reporter.pdf.start=false, extent.reporter.excel.out=exports/reports/ExcelReport/ExtentExcel.xlsx, HEADLESS=true, REMOTE_URL=localhost, extent.reporter.spark.vieworder=dashboard,test,category,author,device,log,exception, extent.reporter.pdf.out=exports/reports/CucumberExtentReports/CucumberExtentPdfReport.pdf, SCREENSHOT_FAILED_STEPS=yes, SCREENSHOT_ALL_STEPS_DETAIL=no, TXT_FILE_PATH=src/test/resources/testdata/TxtFileData.txt, extent.reporter.excel.start=false, extent.reporter.spark.enable.author=true, JSON_DATA_FILE_PATH=src/test/resources/testdata/JsonData.json, ACTIVE_PAGE_LOADED=true, URL_CRM=https://rise.anhtester.com/signin, WAIT_SLEEP_STEP=0, OPEN_REPORTS_AFTER_EXECUTION=no, ZIP_FOLDER_PATH=exports/reports/CucumberExtentReports, extent.reporter.spark.base64imagesrc=true, LOCATE=en, ZIP_FOLDER=no}
[INFO] 01-07-2026 22:31:04 [main] [LogUtils] - Loaded all properties files.
[INFO] 01-07-2026 22:31:04 [main] [LogUtils] - {TARGET=local, extent.reporter.spark.prefix.device=@device_, DELETE_TEMP_FOLDER=no, TELEGRAM_CHATID=, OVERRIDE_REPORTS=yes, screenshot.rel.path=/exports/reports/CucumberExtentReports/images/, SEND_REPORT_TO_TELEGRAM=no, SEND_EMAIL_TO_USERS=no, ZIP_FOLDER_NAME=CucumberExtentReports.zip, WAIT_DEFAULT=5, REMOTE_PORT=4444, screenshot.dir=exports/reports/CucumberExtentReports/images/, TELEGRAM_TOKEN=, extent.reporter.spark.prefix.author=@author_, extent.reporter.spark.enable.device=true, EXTENT_REPORT_PDF=PdfReport.pdf, VIDEO_RECORD=no, PASSWORD=T+wyT5u9cOelDJbBWNgxLw, SCREENSHOT_ALL_STEPS=no, EXTENT_REPORT_NAME=ExtentReport, extent.reporter.spark.start=true, EXPORT_VIDEO_PATH=exports/ExportData/Videos, EXPORT_CAPTURE_PATH=exports/ExportData/Images, WAIT_PAGE_LOADED=40, SCREENSHOT_PASSED_STEPS=no, EXTENT_REPORT_FOLDER=exports/reports/CucumberExtentReports, WAIT_EXPLICIT=10, BROWSER=chrome, REPORT_TITLE=Report | Automation Framework Cucumber TestNG | Anh Tester, AUTHOR=Anh Tester, EXCEL_DATA_FILE_PATH=src/test/resources/testdata/ClientsDataExcel.xlsx, WAIT_IMPLICIT=20, PROJECT_NAME=Automation Framework Cucumber TestNG | Anh Tester, extent.reporter.spark.out=exports/reports/CucumberExtentReports/CucumberExtentReports.html, extent.reporter.pdf.start=false, extent.reporter.excel.out=exports/reports/ExcelReport/ExtentExcel.xlsx, HEADLESS=true, REMOTE_URL=localhost, extent.reporter.spark.vieworder=dashboard,test,category,author,device,log,exception, extent.reporter.pdf.out=exports/reports/CucumberExtentReports/CucumberExtentPdfReport.pdf, SCREENSHOT_FAILED_STEPS=yes, SCREENSHOT_ALL_STEPS_DETAIL=no, TXT_FILE_PATH=src/test/resources/testdata/TxtFileData.txt, extent.reporter.excel.start=false, extent.reporter.spark.enable.author=true, JSON_DATA_FILE_PATH=src/test/resources/testdata/JsonData.json, ACTIVE_PAGE_LOADED=true, URL_CRM=https://rise.anhtester.com/signin, WAIT_SLEEP_STEP=0, OPEN_REPORTS_AFTER_EXECUTION=no, ZIP_FOLDER_PATH=exports/reports/CucumberExtentReports, extent.reporter.spark.base64imagesrc=true, LOCATE=en, ZIP_FOLDER=no}
[INFO] 01-07-2026 22:31:06 [main] [LogUtils] - Running Scenario Name: Login success
[INFO] 01-07-2026 22:31:09 [main] [LogUtils] - Open website with URL: https://cms.anhtester.com/login
[INFO] 01-07-2026 22:31:09 [main] [LogUtils] - Set text admin@example.com on By.xpath: //input[@id='email']
[INFO] 01-07-2026 22:31:09 [main] [LogUtils] - Set text 123456 on By.xpath: //input[@id='password']
[INFO] 01-07-2026 22:31:12 [main] [LogUtils] - Clicked on the element By.xpath: //button[normalize-space()='Login']
[INFO] 01-07-2026 22:31:12 [main] [LogUtils] - Get Current URL: https://cms.anhtester.com/admin
[INFO] 01-07-2026 22:31:12 [main] [LogUtils] - Verify Contains: https://cms.anhtester.com/admin CONTAINS /admin
[INFO] 01-07-2026 22:31:12 [main] [LogUtils] - Verify element present By.xpath: //span[normalize-space()='Products']
[INFO] 01-07-2026 22:31:12 [main] [LogUtils] - ================ AFTER ALL ================
[INFO] 01-07-2026 22:31:12 [main] [LogUtils] - Zipped /Users/abhishekgupta/Downloads/AutomationFrameworkCucumberTestNG/target/allure-results successfully !!
[INFO] 01-07-2026 22:31:14 [main] [LogUtils] - count_totalTCs: 1
[INFO] 01-07-2026 22:31:14 [main] [LogUtils] - count_passedTCs: 1
[INFO] 01-07-2026 22:31:14 [main] [LogUtils] - count_failedTCs: 0
[INFO] 01-07-2026 22:31:14 [main] [LogUtils] - count_skippedTCs: 0
[INFO] 01-07-2026 22:31:14 [main] [LogUtils] - ********* RUN STARTED *********
[INFO] 01-07-2026 22:31:14 [main] [LogUtils] - ********* RUN FINISHED *********
[INFO] 01-07-2026 22:45:34 [main] [LogUtils] - ================ BEFORE ALL ================
[INFO] 01-07-2026 22:45:34 [main] [LogUtils] - Loaded all properties files.
[INFO] 01-07-2026 22:45:34 [main] [LogUtils] - {TARGET=local, extent.reporter.spark.prefix.device=@device_, DELETE_TEMP_FOLDER=no, TELEGRAM_CHATID=, OVERRIDE_REPORTS=yes, screenshot.rel.path=/exports/reports/CucumberExtentReports/images/, SEND_REPORT_TO_TELEGRAM=no, SEND_EMAIL_TO_USERS=no, ZIP_FOLDER_NAME=CucumberExtentReports.zip, WAIT_DEFAULT=5, REMOTE_PORT=4444, screenshot.dir=exports/reports/CucumberExtentReports/images/, TELEGRAM_TOKEN=, extent.reporter.spark.prefix.author=@author_, extent.reporter.spark.enable.device=true, EXTENT_REPORT_PDF=PdfReport.pdf, VIDEO_RECORD=no, PASSWORD=T+wyT5u9cOelDJbBWNgxLw, SCREENSHOT_ALL_STEPS=no, EXTENT_REPORT_NAME=ExtentReport, extent.reporter.spark.start=true, EXPORT_VIDEO_PATH=exports/ExportData/Videos, EXPORT_CAPTURE_PATH=exports/ExportData/Images, WAIT_PAGE_LOADED=40, SCREENSHOT_PASSED_STEPS=no, EXTENT_REPORT_FOLDER=exports/reports/CucumberExtentReports, WAIT_EXPLICIT=10, BROWSER=chrome, REPORT_TITLE=Report | Automation Framework Cucumber TestNG | Anh Tester, AUTHOR=Anh Tester, EXCEL_DATA_FILE_PATH=src/test/resources/testdata/ClientsDataExcel.xlsx, WAIT_IMPLICIT=20, PROJECT_NAME=Automation Framework Cucumber TestNG | Anh Tester, extent.reporter.spark.out=exports/reports/CucumberExtentReports/CucumberExtentReports.html, extent.reporter.pdf.start=false, extent.reporter.excel.out=exports/reports/ExcelReport/ExtentExcel.xlsx, HEADLESS=false, REMOTE_URL=localhost, extent.reporter.spark.vieworder=dashboard,test,category,author,device,log,exception, extent.reporter.pdf.out=exports/reports/CucumberExtentReports/CucumberExtentPdfReport.pdf, SCREENSHOT_FAILED_STEPS=yes, SCREENSHOT_ALL_STEPS_DETAIL=no, TXT_FILE_PATH=src/test/resources/testdata/TxtFileData.txt, extent.reporter.excel.start=false, extent.reporter.spark.enable.author=true, JSON_DATA_FILE_PATH=src/test/resources/testdata/JsonData.json, ACTIVE_PAGE_LOADED=true, URL_CRM=https://rise.anhtester.com/signin, WAIT_SLEEP_STEP=0, OPEN_REPORTS_AFTER_EXECUTION=no, ZIP_FOLDER_PATH=exports/reports/CucumberExtentReports, extent.reporter.spark.base64imagesrc=true, LOCATE=en, ZIP_FOLDER=no}
[INFO] 01-07-2026 22:45:34 [main] [LogUtils] - Loaded all properties files.
[INFO] 01-07-2026 22:45:34 [main] [LogUtils] - {TARGET=local, extent.reporter.spark.prefix.device=@device_, DELETE_TEMP_FOLDER=no, TELEGRAM_CHATID=, OVERRIDE_REPORTS=yes, screenshot.rel.path=/exports/reports/CucumberExtentReports/images/, SEND_REPORT_TO_TELEGRAM=no, SEND_EMAIL_TO_USERS=no, ZIP_FOLDER_NAME=CucumberExtentReports.zip, WAIT_DEFAULT=5, REMOTE_PORT=4444, screenshot.dir=exports/reports/CucumberExtentReports/images/, TELEGRAM_TOKEN=, extent.reporter.spark.prefix.author=@author_, extent.reporter.spark.enable.device=true, EXTENT_REPORT_PDF=PdfReport.pdf, VIDEO_RECORD=no, PASSWORD=T+wyT5u9cOelDJbBWNgxLw, SCREENSHOT_ALL_STEPS=no, EXTENT_REPORT_NAME=ExtentReport, extent.reporter.spark.start=true, EXPORT_VIDEO_PATH=exports/ExportData/Videos, EXPORT_CAPTURE_PATH=exports/ExportData/Images, WAIT_PAGE_LOADED=40, SCREENSHOT_PASSED_STEPS=no, EXTENT_REPORT_FOLDER=exports/reports/CucumberExtentReports, WAIT_EXPLICIT=10, BROWSER=chrome, REPORT_TITLE=Report | Automation Framework Cucumber TestNG | Anh Tester, AUTHOR=Anh Tester, EXCEL_DATA_FILE_PATH=src/test/resources/testdata/ClientsDataExcel.xlsx, WAIT_IMPLICIT=20, PROJECT_NAME=Automation Framework Cucumber TestNG | Anh Tester, extent.reporter.spark.out=exports/reports/CucumberExtentReports/CucumberExtentReports.html, extent.reporter.pdf.start=false, extent.reporter.excel.out=exports/reports/ExcelReport/ExtentExcel.xlsx, HEADLESS=false, REMOTE_URL=localhost, extent.reporter.spark.vieworder=dashboard,test,category,author,device,log,exception, extent.reporter.pdf.out=exports/reports/CucumberExtentReports/CucumberExtentPdfReport.pdf, SCREENSHOT_FAILED_STEPS=yes, SCREENSHOT_ALL_STEPS_DETAIL=no, TXT_FILE_PATH=src/test/resources/testdata/TxtFileData.txt, extent.reporter.excel.start=false, extent.reporter.spark.enable.author=true, JSON_DATA_FILE_PATH=src/test/resources/testdata/JsonData.json, ACTIVE_PAGE_LOADED=true, URL_CRM=https://rise.anhtester.com/signin, WAIT_SLEEP_STEP=0, OPEN_REPORTS_AFTER_EXECUTION=no, ZIP_FOLDER_PATH=exports/reports/CucumberExtentReports, extent.reporter.spark.base64imagesrc=true, LOCATE=en, ZIP_FOLDER=no}
[INFO] 01-07-2026 22:45:36 [main] [LogUtils] - Running Scenario Name: Login success
[INFO] 01-07-2026 22:45:40 [main] [LogUtils] - Open website with URL: https://cms.anhtester.com/login
[INFO] 01-07-2026 22:45:40 [main] [LogUtils] - Set text admin@example.com on By.xpath: //input[@id='email']
[INFO] 01-07-2026 22:45:40 [main] [LogUtils] - Set text 123456 on By.xpath: //input[@id='password']
[INFO] 01-07-2026 22:45:40 [main] [LogUtils] - Clicked on the element By.xpath: //button[normalize-space()='Login']
[INFO] 01-07-2026 22:45:42 [main] [LogUtils] - Get Current URL: https://cms.anhtester.com/admin
[INFO] 01-07-2026 22:45:42 [main] [LogUtils] - Verify Contains: https://cms.anhtester.com/admin CONTAINS /admin
[INFO] 01-07-2026 22:45:42 [main] [LogUtils] - Verify element present By.xpath: //span[normalize-space()='Products']
[INFO] 01-07-2026 22:45:42 [main] [LogUtils] - ================ AFTER ALL ================
[INFO] 01-07-2026 22:45:42 [main] [LogUtils] - Zipped /Users/abhishekgupta/Downloads/AutomationFrameworkCucumberTestNG/target/allure-results successfully !!
[INFO] 01-07-2026 22:45:44 [main] [LogUtils] - count_totalTCs: 1
[INFO] 01-07-2026 22:45:44 [main] [LogUtils] - count_passedTCs: 1
[INFO] 01-07-2026 22:45:44 [main] [LogUtils] - count_failedTCs: 0
[INFO] 01-07-2026 22:45:44 [main] [LogUtils] - count_skippedTCs: 0
[INFO] 01-07-2026 22:45:44 [main] [LogUtils] - ********* RUN STARTED *********
[INFO] 01-07-2026 22:45:44 [main] [LogUtils] - ********* RUN FINISHED *********
